<?xml version="1.0" encoding="UTF-8"?>
<testsuite xmlns:xsi="http://www.w3.org/2001/XMLSchema-instance" xsi:noNamespaceSchemaLocation="https://maven.apache.org/surefire/maven-surefire-plugin/xsd/surefire-test-report.xsd" name="com.tensquare.test.ProductTest" time="32.083" tests="3" errors="3" skipped="0" failures="0">
  <properties>
[...]
</properties>
  <testcase name="sendMsg1" classname="com.tensquare.test.ProductTest" time="4.018">
    <error message="java.net.ConnectException: Connection refused: connect" type="org.springframework.amqp.AmqpConnectException">org.springframework.amqp.AmqpConnectException: java.net.ConnectException: Connection refused: connect
	at com.tensquare.test.ProductTest.sendMsg1(ProductTest.java:27)
Caused by: java.net.ConnectException: Connection refused: connect
	at com.tensquare.test.ProductTest.sendMsg1(ProductTest.java:27)
</error>
    <system-out><![CDATA[17:24:34.667 [main] DEBUG org.springframework.test.context.junit4.SpringJUnit4ClassRunner - SpringJUnit4ClassRunner constructor called with [class com.tensquare.test.ProductTest]
17:24:34.670 [main] DEBUG org.springframework.test.context.BootstrapUtils - Instantiating CacheAwareContextLoaderDelegate from class [org.springframework.test.context.cache.DefaultCacheAwareContextLoaderDelegate]
17:24:34.677 [main] DEBUG org.springframework.test.context.BootstrapUtils - Instantiating BootstrapContext using constructor [public org.springframework.test.context.support.DefaultBootstrapContext(java.lang.Class,org.springframework.test.context.CacheAwareContextLoaderDelegate)]
17:24:34.701 [main] DEBUG org.springframework.test.context.BootstrapUtils - Instantiating TestContextBootstrapper for test class [com.tensquare.test.ProductTest] from class [org.springframework.boot.test.context.SpringBootTestContextBootstrapper]
17:24:34.714 [main] INFO org.springframework.boot.test.context.SpringBootTestContextBootstrapper - Neither @ContextConfiguration nor @ContextHierarchy found for test class [com.tensquare.test.ProductTest], using SpringBootContextLoader
17:24:34.719 [main] DEBUG org.springframework.test.context.support.AbstractContextLoader - Did not detect default resource location for test class [com.tensquare.test.ProductTest]: class path resource [com/tensquare/test/ProductTest-context.xml] does not exist
17:24:34.719 [main] DEBUG org.springframework.test.context.support.AbstractContextLoader - Did not detect default resource location for test class [com.tensquare.test.ProductTest]: class path resource [com/tensquare/test/ProductTestContext.groovy] does not exist
17:24:34.719 [main] INFO org.springframework.test.context.support.AbstractContextLoader - Could not detect default resource locations for test class [com.tensquare.test.ProductTest]: no resource found for suffixes {-context.xml, Context.groovy}.
17:24:34.748 [main] DEBUG org.springframework.test.context.support.ActiveProfilesUtils - Could not find an 'annotation declaring class' for annotation type [org.springframework.test.context.ActiveProfiles] and class [com.tensquare.test.ProductTest]
17:24:34.839 [main] DEBUG org.springframework.boot.test.context.SpringBootTestContextBootstrapper - @TestExecutionListeners is not present for class [com.tensquare.test.ProductTest]: using defaults.
17:24:34.840 [main] INFO org.springframework.boot.test.context.SpringBootTestContextBootstrapper - Loaded default TestExecutionListener class names from location [META-INF/spring.factories]: [org.springframework.boot.test.mock.mockito.MockitoTestExecutionListener, org.springframework.boot.test.mock.mockito.ResetMocksTestExecutionListener, org.springframework.boot.test.autoconfigure.restdocs.RestDocsTestExecutionListener, org.springframework.boot.test.autoconfigure.web.client.MockRestServiceServerResetTestExecutionListener, org.springframework.boot.test.autoconfigure.web.servlet.MockMvcPrintOnlyOnFailureTestExecutionListener, org.springframework.boot.test.autoconfigure.web.servlet.WebDriverTestExecutionListener, org.springframework.test.context.web.ServletTestExecutionListener, org.springframework.test.context.support.DirtiesContextBeforeModesTestExecutionListener, org.springframework.test.context.support.DependencyInjectionTestExecutionListener, org.springframework.test.context.support.DirtiesContextTestExecutionListener, org.springframework.test.context.transaction.TransactionalTestExecutionListener, org.springframework.test.context.jdbc.SqlScriptsTestExecutionListener, org.springframework.test.context.event.EventPublishingTestExecutionListener]
17:24:34.854 [main] INFO org.springframework.boot.test.context.SpringBootTestContextBootstrapper - Using TestExecutionListeners: [org.springframework.test.context.web.ServletTestExecutionListener@2898ac89, org.springframework.test.context.support.DirtiesContextBeforeModesTestExecutionListener@683dbc2c, org.springframework.boot.test.mock.mockito.MockitoTestExecutionListener@68267da0, org.springframework.boot.test.autoconfigure.SpringBootDependencyInjectionTestExecutionListener@2638011, org.springframework.test.context.support.DirtiesContextTestExecutionListener@6ff29830, org.springframework.test.context.transaction.TransactionalTestExecutionListener@6a2b953e, org.springframework.test.context.jdbc.SqlScriptsTestExecutionListener@313b2ea6, org.springframework.test.context.event.EventPublishingTestExecutionListener@2f465398, org.springframework.boot.test.mock.mockito.ResetMocksTestExecutionListener@548e6d58, org.springframework.boot.test.autoconfigure.restdocs.RestDocsTestExecutionListener@623a8092, org.springframework.boot.test.autoconfigure.web.client.MockRestServiceServerResetTestExecutionListener@a1cdc6d, org.springframework.boot.test.autoconfigure.web.servlet.MockMvcPrintOnlyOnFailureTestExecutionListener@175b9425, org.springframework.boot.test.autoconfigure.web.servlet.WebDriverTestExecutionListener@3098cf3b]
17:24:34.858 [main] DEBUG org.springframework.test.annotation.ProfileValueUtils - Retrieved @ProfileValueSourceConfiguration [null] for test class [com.tensquare.test.ProductTest]
17:24:34.860 [main] DEBUG org.springframework.test.annotation.ProfileValueUtils - Retrieved ProfileValueSource type [class org.springframework.test.annotation.SystemProfileValueSource] for class [com.tensquare.test.ProductTest]
17:24:34.879 [main] DEBUG org.springframework.test.context.junit4.SpringJUnit4ClassRunner - SpringJUnit4ClassRunner constructor called with [class com.tensquare.test.ProductTest]
17:24:34.880 [main] DEBUG org.springframework.test.context.BootstrapUtils - Instantiating CacheAwareContextLoaderDelegate from class [org.springframework.test.context.cache.DefaultCacheAwareContextLoaderDelegate]
17:24:34.880 [main] DEBUG org.springframework.test.context.BootstrapUtils - Instantiating BootstrapContext using constructor [public org.springframework.test.context.support.DefaultBootstrapContext(java.lang.Class,org.springframework.test.context.CacheAwareContextLoaderDelegate)]
17:24:34.880 [main] DEBUG org.springframework.test.context.BootstrapUtils - Instantiating TestContextBootstrapper for test class [com.tensquare.test.ProductTest] from class [org.springframework.boot.test.context.SpringBootTestContextBootstrapper]
17:24:34.880 [main] INFO org.springframework.boot.test.context.SpringBootTestContextBootstrapper - Neither @ContextConfiguration nor @ContextHierarchy found for test class [com.tensquare.test.ProductTest], using SpringBootContextLoader
17:24:34.881 [main] DEBUG org.springframework.test.context.support.AbstractContextLoader - Did not detect default resource location for test class [com.tensquare.test.ProductTest]: class path resource [com/tensquare/test/ProductTest-context.xml] does not exist
17:24:34.881 [main] DEBUG org.springframework.test.context.support.AbstractContextLoader - Did not detect default resource location for test class [com.tensquare.test.ProductTest]: class path resource [com/tensquare/test/ProductTestContext.groovy] does not exist
17:24:34.881 [main] INFO org.springframework.test.context.support.AbstractContextLoader - Could not detect default resource locations for test class [com.tensquare.test.ProductTest]: no resource found for suffixes {-context.xml, Context.groovy}.
17:24:34.883 [main] DEBUG org.springframework.test.context.support.ActiveProfilesUtils - Could not find an 'annotation declaring class' for annotation type [org.springframework.test.context.ActiveProfiles] and class [com.tensquare.test.ProductTest]
17:24:34.884 [main] DEBUG org.springframework.boot.test.context.SpringBootTestContextBootstrapper - @TestExecutionListeners is not present for class [com.tensquare.test.ProductTest]: using defaults.
17:24:34.885 [main] INFO org.springframework.boot.test.context.SpringBootTestContextBootstrapper - Loaded default TestExecutionListener class names from location [META-INF/spring.factories]: [org.springframework.boot.test.mock.mockito.MockitoTestExecutionListener, org.springframework.boot.test.mock.mockito.ResetMocksTestExecutionListener, org.springframework.boot.test.autoconfigure.restdocs.RestDocsTestExecutionListener, org.springframework.boot.test.autoconfigure.web.client.MockRestServiceServerResetTestExecutionListener, org.springframework.boot.test.autoconfigure.web.servlet.MockMvcPrintOnlyOnFailureTestExecutionListener, org.springframework.boot.test.autoconfigure.web.servlet.WebDriverTestExecutionListener, org.springframework.test.context.web.ServletTestExecutionListener, org.springframework.test.context.support.DirtiesContextBeforeModesTestExecutionListener, org.springframework.test.context.support.DependencyInjectionTestExecutionListener, org.springframework.test.context.support.DirtiesContextTestExecutionListener, org.springframework.test.context.transaction.TransactionalTestExecutionListener, org.springframework.test.context.jdbc.SqlScriptsTestExecutionListener, org.springframework.test.context.event.EventPublishingTestExecutionListener]
17:24:34.885 [main] INFO org.springframework.boot.test.context.SpringBootTestContextBootstrapper - Using TestExecutionListeners: [org.springframework.test.context.web.ServletTestExecutionListener@62230c58, org.springframework.test.context.support.DirtiesContextBeforeModesTestExecutionListener@2cd2a21f, org.springframework.boot.test.mock.mockito.MockitoTestExecutionListener@2e55dd0c, org.springframework.boot.test.autoconfigure.SpringBootDependencyInjectionTestExecutionListener@74455848, org.springframework.test.context.support.DirtiesContextTestExecutionListener@e7edb54, org.springframework.test.context.transaction.TransactionalTestExecutionListener@378542de, org.springframework.test.context.jdbc.SqlScriptsTestExecutionListener@3738449f, org.springframework.test.context.event.EventPublishingTestExecutionListener@69e1dd28, org.springframework.boot.test.mock.mockito.ResetMocksTestExecutionListener@11bd0f3b, org.springframework.boot.test.autoconfigure.restdocs.RestDocsTestExecutionListener@c333c60, org.springframework.boot.test.autoconfigure.web.client.MockRestServiceServerResetTestExecutionListener@79da8dc5, org.springframework.boot.test.autoconfigure.web.servlet.MockMvcPrintOnlyOnFailureTestExecutionListener@1eb5174b, org.springframework.boot.test.autoconfigure.web.servlet.WebDriverTestExecutionListener@67080771]
17:24:34.885 [main] DEBUG org.springframework.test.annotation.ProfileValueUtils - Retrieved @ProfileValueSourceConfiguration [null] for test class [com.tensquare.test.ProductTest]
17:24:34.885 [main] DEBUG org.springframework.test.annotation.ProfileValueUtils - Retrieved ProfileValueSource type [class org.springframework.test.annotation.SystemProfileValueSource] for class [com.tensquare.test.ProductTest]
17:24:34.937 [main] DEBUG org.springframework.test.annotation.ProfileValueUtils - Retrieved @ProfileValueSourceConfiguration [null] for test class [com.tensquare.test.ProductTest]
17:24:34.938 [main] DEBUG org.springframework.test.annotation.ProfileValueUtils - Retrieved ProfileValueSource type [class org.springframework.test.annotation.SystemProfileValueSource] for class [com.tensquare.test.ProductTest]
17:24:34.940 [main] DEBUG org.springframework.test.annotation.ProfileValueUtils - Retrieved @ProfileValueSourceConfiguration [null] for test class [com.tensquare.test.ProductTest]
17:24:34.940 [main] DEBUG org.springframework.test.annotation.ProfileValueUtils - Retrieved ProfileValueSource type [class org.springframework.test.annotation.SystemProfileValueSource] for class [com.tensquare.test.ProductTest]
17:24:34.940 [main] DEBUG org.springframework.test.annotation.ProfileValueUtils - Retrieved @ProfileValueSourceConfiguration [null] for test class [com.tensquare.test.ProductTest]
17:24:34.941 [main] DEBUG org.springframework.test.annotation.ProfileValueUtils - Retrieved ProfileValueSource type [class org.springframework.test.annotation.SystemProfileValueSource] for class [com.tensquare.test.ProductTest]
17:24:34.943 [main] DEBUG org.springframework.test.context.support.AbstractDirtiesContextTestExecutionListener - Before test class: context [DefaultTestContext@70e9c95d testClass = ProductTest, testInstance = [null], testMethod = [null], testException = [null], mergedContextConfiguration = [WebMergedContextConfiguration@4d5650ae testClass = ProductTest, locations = '{}', classes = '{class com.tensquare.rabbit.RabbitApplication, class com.tensquare.rabbit.RabbitApplication}', contextInitializerClasses = '[]', activeProfiles = '{}', propertySourceLocations = '{}', propertySourceProperties = '{org.springframework.boot.test.context.SpringBootTestContextBootstrapper=true}', contextCustomizers = set[org.springframework.boot.test.context.filter.ExcludeFilterContextCustomizer@55a561cf, org.springframework.boot.test.json.DuplicateJsonObjectContextCustomizerFactory$DuplicateJsonObjectContextCustomizer@78b1cc93, org.springframework.boot.test.mock.mockito.MockitoContextCustomizer@0, org.springframework.boot.test.web.client.TestRestTemplateContextCustomizer@fdefd3f, org.springframework.boot.test.autoconfigure.properties.PropertyMappingContextCustomizer@0, org.springframework.boot.test.autoconfigure.web.servlet.WebDriverContextCustomizerFactory$Customizer@13c10b87], resourceBasePath = 'src/main/webapp', contextLoader = 'org.springframework.boot.test.context.SpringBootContextLoader', parent = [null]], attributes = map['org.springframework.test.context.web.ServletTestExecutionListener.activateListener' -> true]], class annotated with @DirtiesContext [false] with mode [null].
17:24:34.945 [main] DEBUG org.springframework.test.annotation.ProfileValueUtils - Retrieved @ProfileValueSourceConfiguration [null] for test class [com.tensquare.test.ProductTest]
17:24:34.945 [main] DEBUG org.springframework.test.annotation.ProfileValueUtils - Retrieved ProfileValueSource type [class org.springframework.test.annotation.SystemProfileValueSource] for class [com.tensquare.test.ProductTest]
17:24:34.962 [main] DEBUG org.springframework.test.context.support.TestPropertySourceUtils - Adding inlined properties to environment: {spring.jmx.enabled=false, org.springframework.boot.test.context.SpringBootTestContextBootstrapper=true, server.port=-1}

  .   ____          _            __ _ _
 /\\ / ___'_ __ _ _(_)_ __  __ _ \ \ \ \
( ( )\___ | '_ | '_| | '_ \/ _` | \ \ \ \
 \\/  ___)| |_)| | | | | || (_| |  ) ) ) )
  '  |____| .__|_| |_|_| |_\__, | / / / /
 =========|_|==============|___/=/_/_/_/
 :: Spring Boot ::        (v2.2.2.RELEASE)

2020-01-04 17:24:35.189  INFO 9836 --- [           main] com.tensquare.test.ProductTest           : Starting ProductTest on DESKTOP-5F74V32 with PID 9836 (started by ybsde in D:\Users\ybsde\IdeaProjects\tensquare_parent52\tensquare_rabbimqtest)
2020-01-04 17:24:35.190  INFO 9836 --- [           main] com.tensquare.test.ProductTest           : No active profile set, falling back to default profiles: default
2020-01-04 17:24:36.213  INFO 9836 --- [           main] o.s.s.concurrent.ThreadPoolTaskExecutor  : Initializing ExecutorService 'applicationTaskExecutor'
2020-01-04 17:24:36.810  INFO 9836 --- [           main] o.s.a.r.c.CachingConnectionFactory       : Attempting to connect to: [192.168.2.130:5672]
2020-01-04 17:24:38.819  INFO 9836 --- [           main] o.s.a.r.l.SimpleMessageListenerContainer : Broker not available; cannot force queue declarations during start: java.net.ConnectException: Connection refused: connect
2020-01-04 17:24:38.826  INFO 9836 --- [ntContainer#0-1] o.s.a.r.c.CachingConnectionFactory       : Attempting to connect to: [192.168.2.130:5672]
2020-01-04 17:24:40.843  INFO 9836 --- [           main] o.s.a.r.c.CachingConnectionFactory       : Attempting to connect to: [192.168.2.130:5672]
2020-01-04 17:24:42.860  INFO 9836 --- [           main] o.s.a.r.l.SimpleMessageListenerContainer : Broker not available; cannot force queue declarations during start: java.net.ConnectException: Connection refused: connect
2020-01-04 17:24:42.860  INFO 9836 --- [ntContainer#1-1] o.s.a.r.c.CachingConnectionFactory       : Attempting to connect to: [192.168.2.130:5672]
2020-01-04 17:24:44.875  INFO 9836 --- [           main] o.s.a.r.c.CachingConnectionFactory       : Attempting to connect to: [192.168.2.130:5672]
2020-01-04 17:24:45.854  WARN 9836 --- [ntContainer#0-1] o.s.a.r.l.SimpleMessageListenerContainer : Consumer raised exception, processing can restart if the connection factory supports it. Exception summary: org.springframework.amqp.AmqpConnectException: java.net.ConnectException: Connection refused: connect
2020-01-04 17:24:45.855  INFO 9836 --- [ntContainer#0-1] o.s.a.r.l.SimpleMessageListenerContainer : Restarting Consumer@16872c4d: tags=[[]], channel=null, acknowledgeMode=AUTO local queue size=0
2020-01-04 17:24:46.880  INFO 9836 --- [           main] o.s.a.r.l.SimpleMessageListenerContainer : Broker not available; cannot force queue declarations during start: java.net.ConnectException: Connection refused: connect
2020-01-04 17:24:46.880  INFO 9836 --- [ntContainer#0-2] o.s.a.r.c.CachingConnectionFactory       : Attempting to connect to: [192.168.2.130:5672]
2020-01-04 17:24:48.896  INFO 9836 --- [ntContainer#2-1] o.s.a.r.c.CachingConnectionFactory       : Attempting to connect to: [192.168.2.130:5672]
2020-01-04 17:24:49.886  WARN 9836 --- [ntContainer#1-1] o.s.a.r.l.SimpleMessageListenerContainer : Consumer raised exception, processing can restart if the connection factory supports it. Exception summary: org.springframework.amqp.AmqpConnectException: java.net.ConnectException: Connection refused: connect
2020-01-04 17:24:49.886  INFO 9836 --- [ntContainer#1-1] o.s.a.r.l.SimpleMessageListenerContainer : Restarting Consumer@472698d: tags=[[]], channel=null, acknowledgeMode=AUTO local queue size=0
2020-01-04 17:24:50.901  INFO 9836 --- [ntContainer#1-2] o.s.a.r.c.CachingConnectionFactory       : Attempting to connect to: [192.168.2.130:5672]
2020-01-04 17:24:50.910  INFO 9836 --- [           main] com.tensquare.test.ProductTest           : Started ProductTest in 15.94 seconds (JVM running for 16.687)
2020-01-04 17:24:52.923  INFO 9836 --- [           main] o.s.a.r.c.CachingConnectionFactory       : Attempting to connect to: [192.168.2.130:5672]
2020-01-04 17:24:53.907  WARN 9836 --- [ntContainer#0-2] o.s.a.r.l.SimpleMessageListenerContainer : Consumer raised exception, processing can restart if the connection factory supports it. Exception summary: org.springframework.amqp.AmqpConnectException: java.net.ConnectException: Connection refused: connect
2020-01-04 17:24:53.907  INFO 9836 --- [ntContainer#0-2] o.s.a.r.l.SimpleMessageListenerContainer : Restarting Consumer@5cd917e: tags=[[]], channel=null, acknowledgeMode=AUTO local queue size=0
2020-01-04 17:24:54.937  INFO 9836 --- [ntContainer#0-3] o.s.a.r.c.CachingConnectionFactory       : Attempting to connect to: [192.168.2.130:5672]
]]></system-out>
  </testcase>
  <testcase name="sendMsg2" classname="com.tensquare.test.ProductTest" time="6.035">
    <error message="java.net.ConnectException: Connection refused: connect" type="org.springframework.amqp.AmqpConnectException">org.springframework.amqp.AmqpConnectException: java.net.ConnectException: Connection refused: connect
	at com.tensquare.test.ProductTest.sendMsg2(ProductTest.java:35)
Caused by: java.net.ConnectException: Connection refused: connect
	at com.tensquare.test.ProductTest.sendMsg2(ProductTest.java:35)
</error>
    <system-out><![CDATA[2020-01-04 17:24:55.913  WARN 9836 --- [ntContainer#2-1] o.s.a.r.l.SimpleMessageListenerContainer : Consumer raised exception, processing can restart if the connection factory supports it. Exception summary: org.springframework.amqp.AmqpConnectException: java.net.ConnectException: Connection refused: connect
2020-01-04 17:24:55.913  INFO 9836 --- [ntContainer#2-1] o.s.a.r.l.SimpleMessageListenerContainer : Restarting Consumer@40712ee9: tags=[[]], channel=null, acknowledgeMode=AUTO local queue size=0
2020-01-04 17:24:56.952  INFO 9836 --- [ntContainer#2-2] o.s.a.r.c.CachingConnectionFactory       : Attempting to connect to: [192.168.2.130:5672]
2020-01-04 17:24:57.937  WARN 9836 --- [ntContainer#1-2] o.s.a.r.l.SimpleMessageListenerContainer : Consumer raised exception, processing can restart if the connection factory supports it. Exception summary: org.springframework.amqp.AmqpConnectException: java.net.ConnectException: Connection refused: connect
2020-01-04 17:24:57.937  INFO 9836 --- [ntContainer#1-2] o.s.a.r.l.SimpleMessageListenerContainer : Restarting Consumer@79b31bc4: tags=[[]], channel=null, acknowledgeMode=AUTO local queue size=0
2020-01-04 17:24:58.968  INFO 9836 --- [           main] o.s.a.r.c.CachingConnectionFactory       : Attempting to connect to: [192.168.2.130:5672]
2020-01-04 17:25:00.981  INFO 9836 --- [ntContainer#1-3] o.s.a.r.c.CachingConnectionFactory       : Attempting to connect to: [192.168.2.130:5672]
]]></system-out>
  </testcase>
  <testcase name="sendMsg3" classname="com.tensquare.test.ProductTest" time="6.038">
    <error message="java.net.ConnectException: Connection refused: connect" type="org.springframework.amqp.AmqpConnectException">org.springframework.amqp.AmqpConnectException: java.net.ConnectException: Connection refused: connect
	at com.tensquare.test.ProductTest.sendMsg3(ProductTest.java:43)
Caused by: java.net.ConnectException: Connection refused: connect
	at com.tensquare.test.ProductTest.sendMsg3(ProductTest.java:43)
</error>
    <system-out><![CDATA[2020-01-04 17:25:01.964  WARN 9836 --- [ntContainer#0-3] o.s.a.r.l.SimpleMessageListenerContainer : Consumer raised exception, processing can restart if the connection factory supports it. Exception summary: org.springframework.amqp.AmqpConnectException: java.net.ConnectException: Connection refused: connect
2020-01-04 17:25:01.964  INFO 9836 --- [ntContainer#0-3] o.s.a.r.l.SimpleMessageListenerContainer : Restarting Consumer@5dad118e: tags=[[]], channel=null, acknowledgeMode=AUTO local queue size=0
2020-01-04 17:25:02.988  INFO 9836 --- [ntContainer#0-4] o.s.a.r.c.CachingConnectionFactory       : Attempting to connect to: [192.168.2.130:5672]
2020-01-04 17:25:03.980  WARN 9836 --- [ntContainer#2-2] o.s.a.r.l.SimpleMessageListenerContainer : Consumer raised exception, processing can restart if the connection factory supports it. Exception summary: org.springframework.amqp.AmqpConnectException: java.net.ConnectException: Connection refused: connect
2020-01-04 17:25:03.980  INFO 9836 --- [ntContainer#2-2] o.s.a.r.l.SimpleMessageListenerContainer : Restarting Consumer@48fe357e: tags=[[]], channel=null, acknowledgeMode=AUTO local queue size=0
2020-01-04 17:25:05.003  INFO 9836 --- [           main] o.s.a.r.c.CachingConnectionFactory       : Attempting to connect to: [192.168.2.130:5672]
2020-01-04 17:25:07.020  INFO 9836 --- [ntContainer#2-3] o.s.a.r.c.CachingConnectionFactory       : Attempting to connect to: [192.168.2.130:5672]
]]></system-out>
  </testcase>
</testsuite>